0 info it worked if it ends with ok
1 verbose cli [ '/usr/bin/nodejs',
1 verbose cli   '/usr/bin/npm',
1 verbose cli   'install',
1 verbose cli   '-g',
1 verbose cli   '--unsafe-perm',
1 verbose cli   'onoff',
1 verbose cli   'blynk',
1 verbose cli   'library' ]
2 info using npm@3.10.10
3 info using node@v6.17.0
4 silly loadCurrentTree Starting
5 silly install loadCurrentTree
6 silly install readGlobalPackageData
7 silly fetchPackageMetaData onoff
8 silly fetchPackageMetaData blynk
9 silly fetchPackageMetaData library
10 silly fetchNamedPackageData onoff
11 silly mapToRegistry name onoff
12 silly mapToRegistry using default registry
13 silly mapToRegistry registry https://registry.npmjs.org/
14 silly mapToRegistry data Result {
14 silly mapToRegistry   raw: 'onoff',
14 silly mapToRegistry   scope: null,
14 silly mapToRegistry   escapedName: 'onoff',
14 silly mapToRegistry   name: 'onoff',
14 silly mapToRegistry   rawSpec: '',
14 silly mapToRegistry   spec: 'latest',
14 silly mapToRegistry   type: 'tag' }
15 silly mapToRegistry uri https://registry.npmjs.org/onoff
16 silly fetchNamedPackageData blynk
17 silly mapToRegistry name blynk
18 silly mapToRegistry using default registry
19 silly mapToRegistry registry https://registry.npmjs.org/
20 silly mapToRegistry data Result {
20 silly mapToRegistry   raw: 'blynk',
20 silly mapToRegistry   scope: null,
20 silly mapToRegistry   escapedName: 'blynk',
20 silly mapToRegistry   name: 'blynk',
20 silly mapToRegistry   rawSpec: '',
20 silly mapToRegistry   spec: 'latest',
20 silly mapToRegistry   type: 'tag' }
21 silly mapToRegistry uri https://registry.npmjs.org/blynk
22 silly fetchNamedPackageData library
23 silly mapToRegistry name library
24 silly mapToRegistry using default registry
25 silly mapToRegistry registry https://registry.npmjs.org/
26 silly mapToRegistry data Result {
26 silly mapToRegistry   raw: 'library',
26 silly mapToRegistry   scope: null,
26 silly mapToRegistry   escapedName: 'library',
26 silly mapToRegistry   name: 'library',
26 silly mapToRegistry   rawSpec: '',
26 silly mapToRegistry   spec: 'latest',
26 silly mapToRegistry   type: 'tag' }
27 silly mapToRegistry uri https://registry.npmjs.org/library
28 verbose request uri https://registry.npmjs.org/blynk
29 verbose request no auth needed
30 info attempt registry request try #1 at 4:11:55 PM
31 verbose request id a96069e234a86a37
32 http request GET https://registry.npmjs.org/blynk
33 verbose request uri https://registry.npmjs.org/library
34 verbose request no auth needed
35 info attempt registry request try #1 at 4:11:55 PM
36 http request GET https://registry.npmjs.org/library
37 verbose request uri https://registry.npmjs.org/onoff
38 verbose request no auth needed
39 info attempt registry request try #1 at 4:11:56 PM
40 verbose etag W/"5644a346650c0a14d943bbdb63f60840"
41 verbose lastModified Sat, 21 Sep 2019 23:13:25 GMT
42 http request GET https://registry.npmjs.org/onoff
43 http 304 https://registry.npmjs.org/onoff
44 verbose headers { date: 'Thu, 24 Oct 2019 16:11:56 GMT',
44 verbose headers   connection: 'keep-alive',
44 verbose headers   'set-cookie': [ '__cfduid=dd3b432a5cd87d82f34944c99e6d1ef9f1571933516; expires=Fri, 23-Oct-20 16:11:56 GMT; path=/; domain=.npmjs.org; HttpOnly' ],
44 verbose headers   'cf-cache-status': 'HIT',
44 verbose headers   'cache-control': 'max-age=300',
44 verbose headers   'cf-ray': '52ad3abe5b5fa61f-IND',
44 verbose headers   age: '3027',
44 verbose headers   etag: '"5644a346650c0a14d943bbdb63f60840"',
44 verbose headers   'expect-ct': 'max-age=604800, report-uri="https://report-uri.cloudflare.com/cdn-cgi/beacon/expect-ct"',
44 verbose headers   'last-modified': 'Sat, 21 Sep 2019 23:13:25 GMT',
44 verbose headers   vary: 'accept-encoding, accept',
44 verbose headers   'x-amz-meta-rev': '124-7020fffa49e4bcd80cd0d028e3669a94',
44 verbose headers   server: 'cloudflare' }
45 silly get cb [ 304,
45 silly get   { date: 'Thu, 24 Oct 2019 16:11:56 GMT',
45 silly get     connection: 'keep-alive',
45 silly get     'set-cookie': [ '__cfduid=dd3b432a5cd87d82f34944c99e6d1ef9f1571933516; expires=Fri, 23-Oct-20 16:11:56 GMT; path=/; domain=.npmjs.org; HttpOnly' ],
45 silly get     'cf-cache-status': 'HIT',
45 silly get     'cache-control': 'max-age=300',
45 silly get     'cf-ray': '52ad3abe5b5fa61f-IND',
45 silly get     age: '3027',
45 silly get     etag: '"5644a346650c0a14d943bbdb63f60840"',
45 silly get     'expect-ct': 'max-age=604800, report-uri="https://report-uri.cloudflare.com/cdn-cgi/beacon/expect-ct"',
45 silly get     'last-modified': 'Sat, 21 Sep 2019 23:13:25 GMT',
45 silly get     vary: 'accept-encoding, accept',
45 silly get     'x-amz-meta-rev': '124-7020fffa49e4bcd80cd0d028e3669a94',
45 silly get     server: 'cloudflare' } ]
46 verbose etag https://registry.npmjs.org/onoff from cache
47 verbose get saving onoff to /root/.npm/registry.npmjs.org/onoff/.cache.json
48 verbose correctMkdir /root/.npm correctMkdir not in flight; initializing
49 http 404 https://registry.npmjs.org/blynk
50 verbose headers { date: 'Thu, 24 Oct 2019 16:11:56 GMT',
50 verbose headers   'content-type': 'application/json',
50 verbose headers   'content-length': '21',
50 verbose headers   connection: 'keep-alive',
50 verbose headers   'set-cookie': [ '__cfduid=d7dc5d05a699a00ead1da13614cf15e241571933516; expires=Fri, 23-Oct-20 16:11:56 GMT; path=/; domain=.npmjs.org; HttpOnly' ],
50 verbose headers   'cf-cache-status': 'MISS',
50 verbose headers   'cache-control': 'max-age=300',
50 verbose headers   'cf-ray': '52ad3abd4d46a637-IND',
50 verbose headers   'expect-ct': 'max-age=604800, report-uri="https://report-uri.cloudflare.com/cdn-cgi/beacon/expect-ct"',
50 verbose headers   vary: 'accept-encoding, accept',
50 verbose headers   server: 'cloudflare' }
51 silly get cb [ 404,
51 silly get   { date: 'Thu, 24 Oct 2019 16:11:56 GMT',
51 silly get     'content-type': 'application/json',
51 silly get     'content-length': '21',
51 silly get     connection: 'keep-alive',
51 silly get     'set-cookie': [ '__cfduid=d7dc5d05a699a00ead1da13614cf15e241571933516; expires=Fri, 23-Oct-20 16:11:56 GMT; path=/; domain=.npmjs.org; HttpOnly' ],
51 silly get     'cf-cache-status': 'MISS',
51 silly get     'cache-control': 'max-age=300',
51 silly get     'cf-ray': '52ad3abd4d46a637-IND',
51 silly get     'expect-ct': 'max-age=604800, report-uri="https://report-uri.cloudflare.com/cdn-cgi/beacon/expect-ct"',
51 silly get     vary: 'accept-encoding, accept',
51 silly get     server: 'cloudflare' } ]
52 silly fetchPackageMetaData Error: Not found : blynk
52 silly fetchPackageMetaData     at makeError (/usr/lib/node_modules/npm/node_modules/npm-registry-client/lib/request.js:302:12)
52 silly fetchPackageMetaData     at CachingRegistryClient.<anonymous> (/usr/lib/node_modules/npm/node_modules/npm-registry-client/lib/request.js:290:14)
52 silly fetchPackageMetaData     at Request._callback (/usr/lib/node_modules/npm/node_modules/npm-registry-client/lib/request.js:210:14)
52 silly fetchPackageMetaData     at Request.self.callback (/usr/lib/node_modules/npm/node_modules/request/request.js:187:22)
52 silly fetchPackageMetaData     at emitTwo (events.js:106:13)
52 silly fetchPackageMetaData     at Request.emit (events.js:191:7)
52 silly fetchPackageMetaData     at Request.<anonymous> (/usr/lib/node_modules/npm/node_modules/request/request.js:1048:10)
52 silly fetchPackageMetaData     at emitOne (events.js:96:13)
52 silly fetchPackageMetaData     at Request.emit (events.js:188:7)
52 silly fetchPackageMetaData     at IncomingMessage.<anonymous> (/usr/lib/node_modules/npm/node_modules/request/request.js:969:12)
52 silly fetchPackageMetaData  error for blynk { Error: Not found : blynk
52 silly fetchPackageMetaData     at makeError (/usr/lib/node_modules/npm/node_modules/npm-registry-client/lib/request.js:302:12)
52 silly fetchPackageMetaData     at CachingRegistryClient.<anonymous> (/usr/lib/node_modules/npm/node_modules/npm-registry-client/lib/request.js:290:14)
52 silly fetchPackageMetaData     at Request._callback (/usr/lib/node_modules/npm/node_modules/npm-registry-client/lib/request.js:210:14)
52 silly fetchPackageMetaData     at Request.self.callback (/usr/lib/node_modules/npm/node_modules/request/request.js:187:22)
52 silly fetchPackageMetaData     at emitTwo (events.js:106:13)
52 silly fetchPackageMetaData     at Request.emit (events.js:191:7)
52 silly fetchPackageMetaData     at Request.<anonymous> (/usr/lib/node_modules/npm/node_modules/request/request.js:1048:10)
52 silly fetchPackageMetaData     at emitOne (events.js:96:13)
52 silly fetchPackageMetaData     at Request.emit (events.js:188:7)
52 silly fetchPackageMetaData     at IncomingMessage.<anonymous> (/usr/lib/node_modules/npm/node_modules/request/request.js:969:12) pkgid: 'blynk', statusCode: 404, code: 'E404' }
53 http 200 https://registry.npmjs.org/library
54 verbose headers { date: 'Thu, 24 Oct 2019 16:11:56 GMT',
54 verbose headers   'content-type': 'application/json; charset=UTF-8',
54 verbose headers   'transfer-encoding': 'chunked',
54 verbose headers   connection: 'keep-alive',
54 verbose headers   'set-cookie': [ '__cfduid=d39e86f61d74b4c76ecef5fa43bfc830a1571933516; expires=Fri, 23-Oct-20 16:11:56 GMT; path=/; domain=.npmjs.org; HttpOnly' ],
54 verbose headers   'cf-cache-status': 'MISS',
54 verbose headers   'cache-control': 'max-age=300',
54 verbose headers   'cf-ray': '52ad3abd3966a613-IND',
54 verbose headers   etag: 'W/"a35a2ad39afcffbca5dab0dc0175cb6b"',
54 verbose headers   'expect-ct': 'max-age=604800, report-uri="https://report-uri.cloudflare.com/cdn-cgi/beacon/expect-ct"',
54 verbose headers   'last-modified': 'Sun, 27 May 2018 06:43:09 GMT',
54 verbose headers   vary: 'accept-encoding, accept',
54 verbose headers   server: 'cloudflare',
54 verbose headers   'content-encoding': 'gzip' }
55 silly get cb [ 200,
55 silly get   { date: 'Thu, 24 Oct 2019 16:11:56 GMT',
55 silly get     'content-type': 'application/json; charset=UTF-8',
55 silly get     'transfer-encoding': 'chunked',
55 silly get     connection: 'keep-alive',
55 silly get     'set-cookie': [ '__cfduid=d39e86f61d74b4c76ecef5fa43bfc830a1571933516; expires=Fri, 23-Oct-20 16:11:56 GMT; path=/; domain=.npmjs.org; HttpOnly' ],
55 silly get     'cf-cache-status': 'MISS',
55 silly get     'cache-control': 'max-age=300',
55 silly get     'cf-ray': '52ad3abd3966a613-IND',
55 silly get     etag: 'W/"a35a2ad39afcffbca5dab0dc0175cb6b"',
55 silly get     'expect-ct': 'max-age=604800, report-uri="https://report-uri.cloudflare.com/cdn-cgi/beacon/expect-ct"',
55 silly get     'last-modified': 'Sun, 27 May 2018 06:43:09 GMT',
55 silly get     vary: 'accept-encoding, accept',
55 silly get     server: 'cloudflare',
55 silly get     'content-encoding': 'gzip' } ]
56 verbose get saving library to /root/.npm/registry.npmjs.org/library/.cache.json
57 verbose correctMkdir /root/.npm correctMkdir not in flight; initializing
58 verbose stack TypeError: Cannot convert undefined or null to object
58 verbose stack     at pickVersionFromRegistryDocument (/usr/lib/node_modules/npm/lib/fetch-package-metadata.js:125:29)
58 verbose stack     at /usr/lib/node_modules/npm/node_modules/iferr/index.js:13:50
58 verbose stack     at /usr/lib/node_modules/npm/lib/utils/pulse-till-done.js:20:8
58 verbose stack     at saved (/usr/lib/node_modules/npm/lib/cache/caching-client.js:174:7)
58 verbose stack     at /usr/lib/node_modules/npm/node_modules/graceful-fs/polyfills.js:241:18
58 verbose stack     at FSReqWrap.oncomplete (fs.js:123:15)
59 verbose cwd /home/debian/Files/BeagleBoard-exercises/iot/blynk
60 error Linux 4.14.108-ti-rt-r115
61 error argv "/usr/bin/nodejs" "/usr/bin/npm" "install" "-g" "--unsafe-perm" "onoff" "blynk" "library"
62 error node v6.17.0
63 error npm  v3.10.10
64 error Cannot convert undefined or null to object
65 error If you need help, you may report this error at:
65 error     <https://github.com/npm/npm/issues>
66 verbose exit [ 1, true ]
